[DEBUG][Qt] 05.11.2025 10:10:17 [] (unknown:0) - Session start time .......: 20251105_101017
[DEBUG][Qt] 05.11.2025 10:10:17 [] (unknown:0) - Slicer version ...........: 5.8.1 (revision 33241 / 11eaf62) macosx-amd64 - installed release
[DEBUG][Qt] 05.11.2025 10:10:17 [] (unknown:0) - Operating system .........: macOS / 13.2.1 / 22D68 / UTF-8 - 64-bit
[DEBUG][Qt] 05.11.2025 10:10:17 [] (unknown:0) - Memory ...................: 8192 MB physical, 1024 MB virtual
[DEBUG][Qt] 05.11.2025 10:10:17 [] (unknown:0) - CPU ......................:  Apple M2, 8 cores, 8 logical processors
[DEBUG][Qt] 05.11.2025 10:10:17 [] (unknown:0) - VTK configuration ........: OpenGL2 rendering, TBB threading
[DEBUG][Qt] 05.11.2025 10:10:17 [] (unknown:0) - Qt configuration .........: version 5.15.8, with SSL, requested OpenGL 3.2 (core profile)
[DEBUG][Qt] 05.11.2025 10:10:17 [] (unknown:0) - DCMTK configuration ......: version 3.6.8, no SSL
[DEBUG][Qt] 05.11.2025 10:10:17 [] (unknown:0) - Internationalization .....: disabled, language=
[DEBUG][Qt] 05.11.2025 10:10:17 [] (unknown:0) - Developer mode ...........: disabled
[DEBUG][Qt] 05.11.2025 10:10:17 [] (unknown:0) - Application path .........: /Applications/Slicer.app/Contents/MacOS
[DEBUG][Qt] 05.11.2025 10:10:17 [] (unknown:0) - Additional module paths ..: /Users/aliceboccadifuoco/Desktop/VesselVerse-Framework/src/slicer_extension/VesselVerse
[WARNING][Qt] 05.11.2025 10:10:18 [] (unknown:0) - Error #1 while writing setting "Modules/AdditionalPaths"
[WARNING][Qt] 05.11.2025 10:10:18 [] (unknown:0) - Error #1 while writing setting "Modules/IgnoreModules"
[WARNING][Qt] 05.11.2025 10:10:18 [] (unknown:0) - Error #1 while writing setting "Extensions/ManagerEnabled"
[WARNING][Qt] 05.11.2025 10:10:18 [] (unknown:0) - Error #1 while writing setting "Extensions/ServerUrl"
[WARNING][Qt] 05.11.2025 10:10:18 [] (unknown:0) - Error #1 while writing setting "Extensions/FrontendServerUrl"
[WARNING][Qt] 05.11.2025 10:10:18 [] (unknown:0) - Error #1 while writing setting "Extensions/InstallPath"
[CRITICAL][Stream] 05.11.2025 10:10:29 [] (unknown:0) - TypeError: module() argument 'name' must be str, not qSlicerScriptedLoadableModule
[CRITICAL][Qt] 05.11.2025 10:10:29 [] (unknown:0) - qSlicerPythonCppAPI::instantiateClass  - [ "__init__" ] - Failed to instantiate scripted pythonqt class "__init__" 0x19db56e20
[CRITICAL][Qt] 05.11.2025 10:10:29 [] (unknown:0) - Fail to instantiate module  "__init__"
[CRITICAL][Qt] 05.11.2025 10:10:29 [] (unknown:0) - The following modules failed to be instantiated:
[CRITICAL][Qt] 05.11.2025 10:10:29 [] (unknown:0) -    __init__
[DEBUG][Python] 05.11.2025 10:10:29 [Python] (/Applications/Slicer.app/Contents/lib/Slicer-5.8/qt-scripted-modules/SubjectHierarchyPlugins/AbstractScriptedSubjectHierarchyPlugin.py:40) - Scripted subject hierarchy plugin registered: SegmentEditor
[DEBUG][Python] 05.11.2025 10:10:29 [Python] (/Applications/Slicer.app/Contents/lib/Slicer-5.8/qt-scripted-modules/SubjectHierarchyPlugins/AbstractScriptedSubjectHierarchyPlugin.py:40) - Scripted subject hierarchy plugin registered: SegmentStatistics
[DEBUG][Qt] 05.11.2025 10:10:29 [] (unknown:0) - Switch to module:  "Welcome"
[DEBUG][Qt] 05.11.2025 10:10:31 [] (unknown:0) - Switch to module:  "VesselVerse"
[INFO][Stream] 05.11.2025 10:10:31 [] (unknown:0) - Reload and Test Panel not found: ignoring this step
[INFO][Stream] 05.11.2025 10:10:31 [] (unknown:0) - Available datasets: ['IXI', '301_CT23', '302_MR23', '303_CT24', '304_MR24', 'IXI_COSTA']
[DEBUG][Qt] 05.11.2025 10:10:46 [] (unknown:0) - Switch to module:  ""
