[DEBUG][Qt] 22.10.2025 16:12:49 [] (unknown:0) - Session start time .......: 20251022_161249
[DEBUG][Qt] 22.10.2025 16:12:49 [] (unknown:0) - Slicer version ...........: 5.8.1 (revision 33241 / 11eaf62) macosx-amd64 - installed release
[DEBUG][Qt] 22.10.2025 16:12:49 [] (unknown:0) - Operating system .........: macOS / 13.2.1 / 22D68 / UTF-8 - 64-bit
[DEBUG][Qt] 22.10.2025 16:12:49 [] (unknown:0) - Memory ...................: 8192 MB physical, 1024 MB virtual
[DEBUG][Qt] 22.10.2025 16:12:49 [] (unknown:0) - CPU ......................:  Apple M2, 8 cores, 8 logical processors
[DEBUG][Qt] 22.10.2025 16:12:49 [] (unknown:0) - VTK configuration ........: OpenGL2 rendering, TBB threading
[DEBUG][Qt] 22.10.2025 16:12:49 [] (unknown:0) - Qt configuration .........: version 5.15.8, with SSL, requested OpenGL 3.2 (core profile)
[DEBUG][Qt] 22.10.2025 16:12:49 [] (unknown:0) - DCMTK configuration ......: version 3.6.8, no SSL
[DEBUG][Qt] 22.10.2025 16:12:49 [] (unknown:0) - Internationalization .....: disabled, language=
[DEBUG][Qt] 22.10.2025 16:12:49 [] (unknown:0) - Developer mode ...........: disabled
[DEBUG][Qt] 22.10.2025 16:12:49 [] (unknown:0) - Application path .........: /Applications/Slicer.app/Contents/MacOS
[DEBUG][Qt] 22.10.2025 16:12:49 [] (unknown:0) - Additional module paths ..: /Users/aliceboccadifuoco/Desktop/VesselVerse-Framework/src/slicer_extension/VesselVerse
[WARNING][Qt] 22.10.2025 16:12:49 [] (unknown:0) - Error #1 while writing setting "Modules/AdditionalPaths"
[WARNING][Qt] 22.10.2025 16:12:49 [] (unknown:0) - Error #1 while writing setting "Modules/IgnoreModules"
[WARNING][Qt] 22.10.2025 16:12:49 [] (unknown:0) - Error #1 while writing setting "Extensions/ManagerEnabled"
[WARNING][Qt] 22.10.2025 16:12:49 [] (unknown:0) - Error #1 while writing setting "Extensions/ServerUrl"
[WARNING][Qt] 22.10.2025 16:12:49 [] (unknown:0) - Error #1 while writing setting "Extensions/FrontendServerUrl"
[WARNING][Qt] 22.10.2025 16:12:49 [] (unknown:0) - Error #1 while writing setting "Extensions/InstallPath"
[CRITICAL][Stream] 22.10.2025 16:13:00 [] (unknown:0) - TypeError: module() argument 'name' must be str, not qSlicerScriptedLoadableModule
[CRITICAL][Qt] 22.10.2025 16:13:00 [] (unknown:0) - qSlicerPythonCppAPI::instantiateClass  - [ "__init__" ] - Failed to instantiate scripted pythonqt class "__init__" 0x1a18bcd30
[CRITICAL][Qt] 22.10.2025 16:13:00 [] (unknown:0) - Fail to instantiate module  "__init__"
[CRITICAL][Qt] 22.10.2025 16:13:00 [] (unknown:0) - The following modules failed to be instantiated:
[CRITICAL][Qt] 22.10.2025 16:13:00 [] (unknown:0) -    __init__
[DEBUG][Python] 22.10.2025 16:13:01 [Python] (/Applications/Slicer.app/Contents/lib/Slicer-5.8/qt-scripted-modules/SubjectHierarchyPlugins/AbstractScriptedSubjectHierarchyPlugin.py:40) - Scripted subject hierarchy plugin registered: SegmentEditor
[DEBUG][Python] 22.10.2025 16:13:01 [Python] (/Applications/Slicer.app/Contents/lib/Slicer-5.8/qt-scripted-modules/SubjectHierarchyPlugins/AbstractScriptedSubjectHierarchyPlugin.py:40) - Scripted subject hierarchy plugin registered: SegmentStatistics
[DEBUG][Qt] 22.10.2025 16:13:01 [] (unknown:0) - Switch to module:  "Welcome"
[DEBUG][Qt] 22.10.2025 16:13:03 [] (unknown:0) - Switch to module:  "VesselVerse"
[INFO][Stream] 22.10.2025 16:13:03 [] (unknown:0) - Reload and Test Panel not found: ignoring this step
[INFO][Stream] 22.10.2025 16:13:03 [] (unknown:0) - Available datasets: ['IXI', '301_CT23', '302_MR23', '303_CT24', '304_MR24', 'IXI_COSTA']
[INFO][Stream] 22.10.2025 16:13:05 [] (unknown:0) - Selected Dataset: IXI
[INFO][Stream] 22.10.2025 16:13:05 [] (unknown:0) - Base Path: /Users/aliceboccadifuoco/Desktop/VesselVerse-Framework/VESSELVERSE_DATA_IXI/data
[INFO][Stream] 22.10.2025 16:13:05 [] (unknown:0) - LOADING PATH: /Users/aliceboccadifuoco/Desktop/VesselVerse-Framework/VESSELVERSE_DATA_IXI/data/IXI_TOT
[INFO][Stream] 22.10.2025 16:13:05 [] (unknown:0) - LOADING PATH: /Users/aliceboccadifuoco/Desktop/VesselVerse-Framework/VESSELVERSE_DATA_IXI/data/STAPLE
[INFO][Stream] 22.10.2025 16:13:05 [] (unknown:0) - LOADING PATH: /Users/aliceboccadifuoco/Desktop/VesselVerse-Framework/VESSELVERSE_DATA_IXI/data/STAPLE_base
[INFO][Stream] 22.10.2025 16:13:05 [] (unknown:0) - LOADING PATH: /Users/aliceboccadifuoco/Desktop/VesselVerse-Framework/VESSELVERSE_DATA_IXI/data/StochasticAL
[INFO][Stream] 22.10.2025 16:13:05 [] (unknown:0) - LOADING PATH: /Users/aliceboccadifuoco/Desktop/VesselVerse-Framework/VESSELVERSE_DATA_IXI/data/nnUNet
[INFO][Stream] 22.10.2025 16:13:05 [] (unknown:0) - LOADING PATH: /Users/aliceboccadifuoco/Desktop/VesselVerse-Framework/VESSELVERSE_DATA_IXI/data/A2V
[INFO][Stream] 22.10.2025 16:13:05 [] (unknown:0) - LOADING PATH: /Users/aliceboccadifuoco/Desktop/VesselVerse-Framework/VESSELVERSE_DATA_IXI/data/Filtering
[INFO][Stream] 22.10.2025 16:13:05 [] (unknown:0) - LOADING PATH: /Users/aliceboccadifuoco/Desktop/VesselVerse-Framework/VESSELVERSE_DATA_IXI/data/ExpertAnnotations
[INFO][Stream] 22.10.2025 16:13:05 [] (unknown:0) - LOADING PATH: /Users/aliceboccadifuoco/Desktop/VesselVerse-Framework/VESSELVERSE_DATA_IXI/data/ExpertVAL
[INFO][Stream] 22.10.2025 16:13:05 [] (unknown:0) - Dataset updated to: /Users/aliceboccadifuoco/Desktop/VesselVerse-Framework/VESSELVERSE_DATA_IXI/data
[CRITICAL][FD] 22.10.2025 16:13:17 [] (unknown:0) - 2025-10-22 16:13:17.220 Slicer[4671:144441] +[CATransaction synchronize] called within transaction
[CRITICAL][FD] 22.10.2025 16:13:17 [] (unknown:0) - 2025-10-22 16:13:17.229 Slicer[4671:144441] +[CATransaction synchronize] called within transaction
[CRITICAL][FD] 22.10.2025 16:13:29 [] (unknown:0) - 2025-10-22 16:13:29.950 Slicer[4671:144441] +[CATransaction synchronize] called within transaction
[DEBUG][Qt] 22.10.2025 16:13:40 [] (unknown:0) - "Volume" Reader has successfully read the file "/Users/aliceboccadifuoco/Desktop/VesselVerse-Framework/VESSELVERSE_DATA_IXI/data/IXI_TOT/IXI002-Guys-0828-MRA.nii.gz" "[0.50s]"
[CRITICAL][FD] 23.10.2025 16:00:26 [] (unknown:0) - 2025-10-23 16:00:26.060 Slicer[4671:144441] +[CATransaction synchronize] called within transaction
[DEBUG][Qt] 23.10.2025 16:00:34 [] (unknown:0) - "Volume" Reader has successfully read the file "/Users/aliceboccadifuoco/Desktop/VesselVerse-Framework/VESSELVERSE_DATA_IXI/data/IXI_TOT/IXI002-Guys-0828-MRA.nii.gz" "[0.62s]"
[INFO][VTK] 23.10.2025 16:00:41 [vtkMRMLSegmentationStorageNode (0x7f89703ca720)] (/D/S/S-0/Libs/MRML/Core/vtkMRMLSegmentationStorageNode.cxx:630) - ReferenceImageExtentOffset attribute was not found in NRRD segmentation file. Assume no offset.
[DEBUG][Qt] 23.10.2025 16:00:41 [] (unknown:0) - "Segmentation" Reader has successfully read the file "/Users/aliceboccadifuoco/Desktop/VesselVerse-Framework/VESSELVERSE_DATA_IXI/data/nnUNet/IXI002-Guys-0828.nii.gz" "[0.29s]"
[INFO][Stream] 23.10.2025 16:00:42 [] (unknown:0) - Segmentation loaded: /Users/aliceboccadifuoco/Desktop/VesselVerse-Framework/VESSELVERSE_DATA_IXI/data/nnUNet/IXI002-Guys-0828.nii.gz
[INFO][Stream] 23.10.2025 16:00:42 [] (unknown:0) - Updating history for /Users/aliceboccadifuoco/Desktop/VesselVerse-Framework/VESSELVERSE_DATA_IXI/data/nnUNet/IXI002-Guys-0828.nii.gz
[INFO][Stream] 23.10.2025 16:00:42 [] (unknown:0) - Current path: /Users/aliceboccadifuoco/Desktop/VesselVerse-Framework/VESSELVERSE_DATA_IXI/data/nnUNet/IXI002-Guys-0828.nii.gz
[INFO][Stream] 23.10.2025 16:00:42 [] (unknown:0) - Current path HISTORY: /Users/aliceboccadifuoco/Desktop/VesselVerse-Framework/VESSELVERSE_DATA_IXI/data/nnUNet/IXI002-Guys-0828.nii.gz
[INFO][Stream] 23.10.2025 16:00:42 [] (unknown:0) - Error: Metadata not found for /Users/aliceboccadifuoco/Desktop/VesselVerse-Framework/VESSELVERSE_DATA_IXI/data/nnUNet/IXI002-Guys-0828.nii.gz
[INFO][VTK] 23.10.2025 16:01:05 [vtkMRMLSegmentationStorageNode (0x7f8937269780)] (/D/S/S-0/Libs/MRML/Core/vtkMRMLSegmentationStorageNode.cxx:630) - ReferenceImageExtentOffset attribute was not found in NRRD segmentation file. Assume no offset.
[DEBUG][Qt] 23.10.2025 16:01:05 [] (unknown:0) - "Segmentation" Reader has successfully read the file "/Users/aliceboccadifuoco/Desktop/VesselVerse-Framework/VESSELVERSE_DATA_IXI/data/nnUNet/IXI002-Guys-0828.nii.gz" "[0.23s]"
[INFO][Stream] 23.10.2025 16:01:05 [] (unknown:0) - Segmentation loaded: /Users/aliceboccadifuoco/Desktop/VesselVerse-Framework/VESSELVERSE_DATA_IXI/data/nnUNet/IXI002-Guys-0828.nii.gz
[INFO][Stream] 23.10.2025 16:01:05 [] (unknown:0) - Updating history for /Users/aliceboccadifuoco/Desktop/VesselVerse-Framework/VESSELVERSE_DATA_IXI/data/nnUNet/IXI002-Guys-0828.nii.gz
[INFO][Stream] 23.10.2025 16:01:05 [] (unknown:0) - Current path: /Users/aliceboccadifuoco/Desktop/VesselVerse-Framework/VESSELVERSE_DATA_IXI/data/nnUNet/IXI002-Guys-0828.nii.gz
[INFO][Stream] 23.10.2025 16:01:05 [] (unknown:0) - Current path HISTORY: /Users/aliceboccadifuoco/Desktop/VesselVerse-Framework/VESSELVERSE_DATA_IXI/data/nnUNet/IXI002-Guys-0828.nii.gz
[INFO][Stream] 23.10.2025 16:01:05 [] (unknown:0) - Error: Metadata not found for /Users/aliceboccadifuoco/Desktop/VesselVerse-Framework/VESSELVERSE_DATA_IXI/data/nnUNet/IXI002-Guys-0828.nii.gz
[DEBUG][Qt] 24.10.2025 00:33:05 [] (unknown:0) - Switch to module:  ""
